2023/02/08 15:29:04 [notice] 1#1: using the "epoll" event method
2023/02/08 15:29:04 [notice] 1#1: nginx/1.23.3
2023/02/08 15:29:04 [notice] 1#1: built by gcc 10.2.1 20210110 (Debian 10.2.1-6) 
2023/02/08 15:29:04 [notice] 1#1: OS: Linux 3.10.0-1160.45.1.el7.x86_64
2023/02/08 15:29:04 [notice] 1#1: getrlimit(RLIMIT_NOFILE): 1048576:1048576
2023/02/08 15:29:04 [notice] 1#1: start worker processes
2023/02/08 15:29:04 [notice] 1#1: start worker process 29
2023/02/08 15:29:04 [notice] 1#1: start worker process 30
2023/02/08 15:29:04 [notice] 1#1: start worker process 31
2023/02/08 15:29:04 [notice] 1#1: start worker process 32
2023/02/08 15:42:47 [notice] 1#1: signal 3 (SIGQUIT) received, shutting down
2023/02/08 15:42:47 [notice] 31#31: gracefully shutting down
2023/02/08 15:42:47 [notice] 30#30: gracefully shutting down
2023/02/08 15:42:47 [notice] 31#31: exiting
2023/02/08 15:42:47 [notice] 29#29: gracefully shutting down
2023/02/08 15:42:47 [notice] 31#31: exit
2023/02/08 15:42:47 [notice] 29#29: exiting
2023/02/08 15:42:47 [notice] 30#30: exiting
2023/02/08 15:42:47 [notice] 29#29: exit
2023/02/08 15:42:47 [notice] 30#30: exit
2023/02/08 15:42:47 [notice] 32#32: gracefully shutting down
2023/02/08 15:42:47 [notice] 32#32: exiting
2023/02/08 15:42:47 [notice] 32#32: exit
2023/02/08 15:42:47 [notice] 1#1: signal 17 (SIGCHLD) received from 31
2023/02/08 15:42:47 [notice] 1#1: worker process 31 exited with code 0
2023/02/08 15:42:47 [notice] 1#1: signal 29 (SIGIO) received
2023/02/08 15:42:47 [notice] 1#1: signal 17 (SIGCHLD) received from 29
2023/02/08 15:42:47 [notice] 1#1: worker process 29 exited with code 0
2023/02/08 15:42:47 [notice] 1#1: signal 29 (SIGIO) received
2023/02/08 15:42:47 [notice] 1#1: signal 17 (SIGCHLD) received from 32
2023/02/08 15:42:47 [notice] 1#1: worker process 32 exited with code 0
2023/02/08 15:42:47 [notice] 1#1: signal 29 (SIGIO) received
2023/02/08 15:42:47 [notice] 1#1: signal 17 (SIGCHLD) received from 30
2023/02/08 15:42:47 [notice] 1#1: worker process 30 exited with code 0
2023/02/08 15:42:47 [notice] 1#1: exit
2023/02/08 15:42:50 [notice] 1#1: using the "epoll" event method
2023/02/08 15:42:50 [notice] 1#1: nginx/1.23.3
2023/02/08 15:42:50 [notice] 1#1: built by gcc 10.2.1 20210110 (Debian 10.2.1-6) 
2023/02/08 15:42:50 [notice] 1#1: OS: Linux 3.10.0-1160.45.1.el7.x86_64
2023/02/08 15:42:50 [notice] 1#1: getrlimit(RLIMIT_NOFILE): 1048576:1048576
2023/02/08 15:42:50 [notice] 1#1: start worker processes
2023/02/08 15:42:50 [notice] 1#1: start worker process 29
2023/02/08 15:42:50 [notice] 1#1: start worker process 30
2023/02/08 15:42:50 [notice] 1#1: start worker process 31
2023/02/08 15:42:50 [notice] 1#1: start worker process 32
2023/02/08 15:53:37 [notice] 1#1: signal 3 (SIGQUIT) received, shutting down
2023/02/08 15:53:37 [notice] 29#29: gracefully shutting down
2023/02/08 15:53:37 [notice] 30#30: gracefully shutting down
2023/02/08 15:53:37 [notice] 29#29: exiting
2023/02/08 15:53:37 [notice] 29#29: exit
2023/02/08 15:53:37 [notice] 30#30: exiting
2023/02/08 15:53:37 [notice] 30#30: exit
2023/02/08 15:53:37 [notice] 31#31: gracefully shutting down
2023/02/08 15:53:37 [notice] 31#31: exiting
2023/02/08 15:53:37 [notice] 31#31: exit
2023/02/08 15:53:37 [notice] 32#32: gracefully shutting down
2023/02/08 15:53:37 [notice] 32#32: exiting
2023/02/08 15:53:37 [notice] 32#32: exit
2023/02/08 15:53:37 [notice] 1#1: signal 17 (SIGCHLD) received from 32
2023/02/08 15:53:37 [notice] 1#1: worker process 32 exited with code 0
2023/02/08 15:53:37 [notice] 1#1: signal 29 (SIGIO) received
2023/02/08 15:53:37 [notice] 1#1: signal 17 (SIGCHLD) received from 31
2023/02/08 15:53:37 [notice] 1#1: worker process 31 exited with code 0
2023/02/08 15:53:37 [notice] 1#1: signal 29 (SIGIO) received
2023/02/08 15:53:37 [notice] 1#1: signal 17 (SIGCHLD) received from 29
2023/02/08 15:53:37 [notice] 1#1: worker process 29 exited with code 0
2023/02/08 15:53:37 [notice] 1#1: worker process 30 exited with code 0
2023/02/08 15:53:37 [notice] 1#1: exit
2023/02/08 15:53:39 [notice] 1#1: using the "epoll" event method
2023/02/08 15:53:39 [notice] 1#1: nginx/1.23.3
2023/02/08 15:53:39 [notice] 1#1: built by gcc 10.2.1 20210110 (Debian 10.2.1-6) 
2023/02/08 15:53:39 [notice] 1#1: OS: Linux 3.10.0-1160.45.1.el7.x86_64
2023/02/08 15:53:39 [notice] 1#1: getrlimit(RLIMIT_NOFILE): 1048576:1048576
2023/02/08 15:53:39 [notice] 1#1: start worker processes
2023/02/08 15:53:39 [notice] 1#1: start worker process 29
2023/02/08 15:53:39 [notice] 1#1: start worker process 30
2023/02/08 15:53:39 [notice] 1#1: start worker process 31
2023/02/08 15:53:39 [notice] 1#1: start worker process 32
2023/02/08 15:55:03 [notice] 1#1: signal 3 (SIGQUIT) received, shutting down
2023/02/08 15:55:03 [notice] 29#29: gracefully shutting down
2023/02/08 15:55:03 [notice] 29#29: exiting
2023/02/08 15:55:03 [notice] 31#31: gracefully shutting down
2023/02/08 15:55:03 [notice] 30#30: gracefully shutting down
2023/02/08 15:55:03 [notice] 29#29: exit
2023/02/08 15:55:03 [notice] 31#31: exiting
2023/02/08 15:55:03 [notice] 30#30: exiting
2023/02/08 15:55:03 [notice] 31#31: exit
2023/02/08 15:55:03 [notice] 30#30: exit
2023/02/08 15:55:03 [notice] 32#32: gracefully shutting down
2023/02/08 15:55:03 [notice] 32#32: exiting
2023/02/08 15:55:03 [notice] 32#32: exit
2023/02/08 15:55:03 [notice] 1#1: signal 17 (SIGCHLD) received from 29
2023/02/08 15:55:03 [notice] 1#1: worker process 29 exited with code 0
2023/02/08 15:55:03 [notice] 1#1: worker process 31 exited with code 0
2023/02/08 15:55:03 [notice] 1#1: signal 29 (SIGIO) received
2023/02/08 15:55:03 [notice] 1#1: signal 17 (SIGCHLD) received from 31
2023/02/08 15:55:03 [notice] 1#1: signal 17 (SIGCHLD) received from 32
2023/02/08 15:55:03 [notice] 1#1: worker process 32 exited with code 0
2023/02/08 15:55:03 [notice] 1#1: signal 29 (SIGIO) received
2023/02/08 15:55:03 [notice] 1#1: signal 17 (SIGCHLD) received from 30
2023/02/08 15:55:03 [notice] 1#1: worker process 30 exited with code 0
2023/02/08 15:55:03 [notice] 1#1: exit
2023/02/08 15:55:04 [notice] 1#1: using the "epoll" event method
2023/02/08 15:55:04 [notice] 1#1: nginx/1.23.3
2023/02/08 15:55:04 [notice] 1#1: built by gcc 10.2.1 20210110 (Debian 10.2.1-6) 
2023/02/08 15:55:04 [notice] 1#1: OS: Linux 3.10.0-1160.45.1.el7.x86_64
2023/02/08 15:55:04 [notice] 1#1: getrlimit(RLIMIT_NOFILE): 1048576:1048576
2023/02/08 15:55:04 [notice] 1#1: start worker processes
2023/02/08 15:55:04 [notice] 1#1: start worker process 29
2023/02/08 15:55:04 [notice] 1#1: start worker process 30
2023/02/08 15:55:04 [notice] 1#1: start worker process 31
2023/02/08 15:55:04 [notice] 1#1: start worker process 32
2023/02/08 15:56:17 [notice] 1#1: signal 3 (SIGQUIT) received, shutting down
2023/02/08 15:56:17 [notice] 30#30: gracefully shutting down
2023/02/08 15:56:17 [notice] 29#29: gracefully shutting down
2023/02/08 15:56:17 [notice] 30#30: exiting
2023/02/08 15:56:17 [notice] 29#29: exiting
2023/02/08 15:56:17 [notice] 30#30: exit
2023/02/08 15:56:17 [notice] 29#29: exit
2023/02/08 15:56:17 [notice] 31#31: gracefully shutting down
2023/02/08 15:56:17 [notice] 31#31: exiting
2023/02/08 15:56:17 [notice] 32#32: gracefully shutting down
2023/02/08 15:56:17 [notice] 31#31: exit
2023/02/08 15:56:17 [notice] 32#32: exiting
2023/02/08 15:56:17 [notice] 32#32: exit
2023/02/08 15:56:17 [notice] 1#1: signal 17 (SIGCHLD) received from 30
2023/02/08 15:56:17 [notice] 1#1: worker process 29 exited with code 0
2023/02/08 15:56:17 [notice] 1#1: worker process 30 exited with code 0
2023/02/08 15:56:17 [notice] 1#1: signal 29 (SIGIO) received
2023/02/08 15:56:17 [notice] 1#1: signal 17 (SIGCHLD) received from 32
2023/02/08 15:56:17 [notice] 1#1: worker process 32 exited with code 0
2023/02/08 15:56:17 [notice] 1#1: signal 29 (SIGIO) received
2023/02/08 15:56:17 [notice] 1#1: signal 17 (SIGCHLD) received from 31
2023/02/08 15:56:17 [notice] 1#1: worker process 31 exited with code 0
2023/02/08 15:56:17 [notice] 1#1: exit
2023/02/08 15:59:02 [notice] 1#1: using the "epoll" event method
2023/02/08 15:59:02 [notice] 1#1: nginx/1.23.3
2023/02/08 15:59:02 [notice] 1#1: built by gcc 10.2.1 20210110 (Debian 10.2.1-6) 
2023/02/08 15:59:02 [notice] 1#1: OS: Linux 3.10.0-1160.45.1.el7.x86_64
2023/02/08 15:59:02 [notice] 1#1: getrlimit(RLIMIT_NOFILE): 1048576:1048576
2023/02/08 15:59:02 [notice] 1#1: start worker processes
2023/02/08 15:59:02 [notice] 1#1: start worker process 28
2023/02/08 15:59:02 [notice] 1#1: start worker process 29
2023/02/08 15:59:02 [notice] 1#1: start worker process 30
2023/02/08 15:59:02 [notice] 1#1: start worker process 31
2023/02/08 16:00:52 [notice] 1#1: signal 3 (SIGQUIT) received, shutting down
2023/02/08 16:00:52 [notice] 29#29: gracefully shutting down
2023/02/08 16:00:52 [notice] 29#29: exiting
2023/02/08 16:00:52 [notice] 28#28: gracefully shutting down
2023/02/08 16:00:52 [notice] 29#29: exit
2023/02/08 16:00:52 [notice] 28#28: exiting
2023/02/08 16:00:52 [notice] 30#30: gracefully shutting down
2023/02/08 16:00:52 [notice] 28#28: exit
2023/02/08 16:00:52 [notice] 30#30: exiting
2023/02/08 16:00:52 [notice] 30#30: exit
2023/02/08 16:00:52 [notice] 31#31: gracefully shutting down
2023/02/08 16:00:52 [notice] 31#31: exiting
2023/02/08 16:00:52 [notice] 31#31: exit
2023/02/08 16:00:52 [notice] 1#1: signal 17 (SIGCHLD) received from 30
2023/02/08 16:00:52 [notice] 1#1: worker process 28 exited with code 0
2023/02/08 16:00:52 [notice] 1#1: worker process 30 exited with code 0
2023/02/08 16:00:52 [notice] 1#1: signal 29 (SIGIO) received
2023/02/08 16:00:52 [notice] 1#1: signal 17 (SIGCHLD) received from 29
2023/02/08 16:00:52 [notice] 1#1: worker process 29 exited with code 0
2023/02/08 16:00:52 [notice] 1#1: signal 29 (SIGIO) received
2023/02/08 16:00:52 [notice] 1#1: signal 17 (SIGCHLD) received from 31
2023/02/08 16:00:52 [notice] 1#1: worker process 31 exited with code 0
2023/02/08 16:00:52 [notice] 1#1: exit
2023/02/08 16:02:55 [notice] 1#1: using the "epoll" event method
2023/02/08 16:02:55 [notice] 1#1: nginx/1.23.3
2023/02/08 16:02:55 [notice] 1#1: built by gcc 10.2.1 20210110 (Debian 10.2.1-6) 
2023/02/08 16:02:55 [notice] 1#1: OS: Linux 3.10.0-1160.45.1.el7.x86_64
2023/02/08 16:02:55 [notice] 1#1: getrlimit(RLIMIT_NOFILE): 1048576:1048576
2023/02/08 16:02:55 [notice] 1#1: start worker processes
2023/02/08 16:02:55 [notice] 1#1: start worker process 28
2023/02/08 16:02:55 [notice] 1#1: start worker process 29
2023/02/08 16:02:55 [notice] 1#1: start worker process 30
2023/02/08 16:02:55 [notice] 1#1: start worker process 31
